#
# A fatal error has been detected by the Java Runtime Environment:
#
#  Internal Error (classFileParser.cpp:3494), pid=10424, tid=10780
#  Error: ShouldNotReachHere()
#
# JRE version: 6.0_32-b05
# Java VM: Java HotSpot(TM) Client VM (20.7-b02 mixed mode windows-x86 )
# If you would like to submit a bug report, please visit:
#   http://java.sun.com/webapps/bugreport/crash.jsp
#

---------------  T H R E A D  ---------------

Current thread (0x00559000):  JavaThread "Unknown thread" [_thread_in_vm, id=10780, stack(0x001f0000,0x00240000)]

Stack: [0x001f0000,0x00240000],  sp=0x0023f86c,  free space=318k
Native frames: (J=compiled Java code, j=interpreted, Vv=VM code, C=native code)
V  [jvm.dll+0x13373a]
V  [jvm.dll+0x12e6db]
V  [jvm.dll+0x163ae]
V  [jvm.dll+0x17bdf]
V  [jvm.dll+0x26cc5]
V  [jvm.dll+0x27506]
V  [jvm.dll+0x278b5]
V  [jvm.dll+0x27949]
V  [jvm.dll+0x27a0c]
V  [jvm.dll+0x27a8a]
V  [jvm.dll+0x27b6d]
V  [jvm.dll+0x27e39]
V  [jvm.dll+0x6c483]
V  [jvm.dll+0x6c85c]
V  [jvm.dll+0xf9c5c]
V  [jvm.dll+0x11861b]
V  [jvm.dll+0x9ec20]
C  [javaw.exe+0x1657]
C  [javaw.exe+0x1e2c]
C  [javaw.exe+0x8614]
C  [kernel32.dll+0x133aa]  BaseThreadInitThunk+0x12
C  [ntdll.dll+0x39ef2]  RtlInitializeExceptionChain+0x63
C  [ntdll.dll+0x39ec5]  RtlInitializeExceptionChain+0x36


---------------  P R O C E S S  ---------------

Java Threads: ( => current thread )

Other Threads:

=>0x00559000 (exited) JavaThread "Unknown thread" [_thread_in_vm, id=10780, stack(0x001f0000,0x00240000)]

VM state:not at safepoint (not fully initialized)

VM Mutex/Monitor currently owned by a thread: None

Dynamic libraries:
0x00400000 - 0x00425000 	C:\Program Files (x86)\Java\jre6\bin\javaw.exe
0x77400000 - 0x77580000 	C:\Windows\SysWOW64\ntdll.dll
0x75570000 - 0x75680000 	C:\Windows\syswow64\kernel32.dll
0x754d0000 - 0x75517000 	C:\Windows\syswow64\KERNELBASE.dll
0x76f60000 - 0x77000000 	C:\Windows\syswow64\ADVAPI32.dll
0x76570000 - 0x7661c000 	C:\Windows\syswow64\msvcrt.dll
0x75550000 - 0x75569000 	C:\Windows\SysWOW64\sechost.dll
0x75330000 - 0x75420000 	C:\Windows\syswow64\RPCRT4.dll
0x74e60000 - 0x74ec0000 	C:\Windows\syswow64\SspiCli.dll
0x74e50000 - 0x74e5c000 	C:\Windows\syswow64\CRYPTBASE.dll
0x75220000 - 0x75320000 	C:\Windows\syswow64\USER32.dll
0x76480000 - 0x76510000 	C:\Windows\syswow64\GDI32.dll
0x75210000 - 0x7521a000 	C:\Windows\syswow64\LPK.dll
0x76a40000 - 0x76add000 	C:\Windows\syswow64\USP10.dll
0x751b0000 - 0x75210000 	C:\Windows\system32\IMM32.DLL
0x76b30000 - 0x76bfc000 	C:\Windows\syswow64\MSCTF.dll
0x7c340000 - 0x7c396000 	C:\Program Files (x86)\Java\jre6\bin\msvcr71.dll
0x6d7f0000 - 0x6da9f000 	C:\Program Files (x86)\Java\jre6\bin\client\jvm.dll
0x72e70000 - 0x72ea2000 	C:\Windows\system32\WINMM.dll
0x71a80000 - 0x71acc000 	C:\Windows\system32\apphelp.dll
0x6d7a0000 - 0x6d7ac000 	C:\Program Files (x86)\Java\jre6\bin\verify.dll
0x6d320000 - 0x6d33f000 	C:\Program Files (x86)\Java\jre6\bin\java.dll
0x6d7e0000 - 0x6d7ef000 	C:\Program Files (x86)\Java\jre6\bin\zip.dll
0x75140000 - 0x75145000 	C:\Windows\system32\PSAPI.DLL

VM Arguments:
jvm_args: -Dfile.encoding=Cp1252 -Xbootclasspath:C:\Users\Ankit\android-sdks\platforms\android-8\android.jar 
java_command: Parser
Launcher Type: SUN_STANDARD

Environment Variables:
CLASSPATH=.;C:\Program Files (x86)\Java\jre7\lib\ext\QTJava.zip
PATH=C:/Program Files (x86)/Java/jre7/bin/client;C:/Program Files (x86)/Java/jre7/bin;C:/Program Files (x86)/Java/jre7/lib/i386;C:\Program Files\Common Files\Microsoft Shared\Windows Live;C:\Program Files (x86)\Common Files\Microsoft Shared\Windows Live;C:\Windows\system32;C:\Windows;C:\Windows\System32\Wbem;C:\Windows\System32\WindowsPowerShell\v1.0\;C:\Program Files (x86)\Windows Live\Shared;C:\Program Files (x86)\QuickTime\QTSystem\;C:\Program Files\Microsoft SQL Server\110\Tools\Binn\;C:\Users\Ankit\Documents\eclipse;
USERNAME=Ankit
OS=Windows_NT
PROCESSOR_IDENTIFIER=Intel64 Family 6 Model 42 Stepping 7, GenuineIntel



---------------  S Y S T E M  ---------------

OS: Windows 7 , 64 bit Build 7601 Service Pack 1

CPU:total 4 (2 cores per cpu, 2 threads per core) family 6 model 42 stepping 7, cmov, cx8, fxsr, mmx, sse, sse2, sse3, ssse3, sse4.1, sse4.2, popcnt, ht

Memory: 4k page, physical 6064348k(3088964k free), swap 12126836k(7803264k free)

vm_info: Java HotSpot(TM) Client VM (20.7-b02) for windows-x86 JRE (1.6.0_32-b05), built on Apr  5 2012 13:50:34 by "java_re" with MS VC++ 7.1 (VS2003)

time: Thu Apr 18 15:18:49 2013
elapsed time: 0 seconds

